<?xml version="1.0" encoding="UTF-8"?>
<testsuite name="tests.LoginTests" tests="1" skipped="0" failures="0" errors="0" timestamp="2023-09-21T10:43:50" hostname="MacBook-Pro-3.local" time="2.9">
  <properties/>
  <testcase name="checkContinueButtonStatus" classname="tests.LoginTests" time="2.9"/>
  <system-out><![CDATA[]]></system-out>
  <system-err><![CDATA[]]></system-err>
</testsuite>
