<?xml version="1.0" encoding="UTF-8"?>
<testsuite name="tests.LoginTests" tests="1" skipped="0" failures="0" errors="0" timestamp="2023-09-20T15:50:41" hostname="MacBook-Pro-3.local" time="6.52">
  <properties/>
  <testcase name="successLogin" classname="tests.LoginTests" time="6.52"/>
  <system-out><![CDATA[]]></system-out>
  <system-err><![CDATA[]]></system-err>
</testsuite>
