<?xml version="1.0" encoding="UTF-8"?>
<testsuite name="tests.LoginTests" tests="1" skipped="0" failures="0" errors="0" timestamp="2023-08-25T09:02:23" hostname="MacBook-Pro-3.local" time="2.771">
  <properties/>
  <testcase name="foo" classname="tests.LoginTests" time="2.771"/>
  <system-out><![CDATA[]]></system-out>
  <system-err><![CDATA[]]></system-err>
</testsuite>
